<ShowPlanXML xmlns="http://schemas.microsoft.com/sqlserver/2004/07/showplan" Version="1.518" Build="13.0.5882.1"><BatchSequence><Batch><Statements><StmtCond StatementText="IF (select COUNT(1)&#xd;&#xa; from erp.oe t where t.attribute14 = @CTO_TaskOrder  and t.cust_po_number = @CTO_Cust_PO_Number &#xd;&#xa; and t.item = @DicValue2)&gt;0" StatementId="1" StatementCompId="39" StatementType="COND WITH QUERY" RetrievedFromCache="true" StatementSubTreeCost="0.0405791" StatementEstRows="1" SecurityPolicyApplied="false" StatementOptmLevel="FULL" QueryHash="0xBA0617E1E1D2E741" QueryPlanHash="0x6065B571D0B48B83" StatementOptmEarlyAbortReason="GoodEnoughPlanFound" CardinalityEstimationModelVersion="130"><StatementSetOptions QUOTED_IDENTIFIER="true" ARITHABORT="false" CONCAT_NULL_YIELDS_NULL="true" ANSI_NULLS="true" ANSI_PADDING="true" ANSI_WARNINGS="true" NUMERIC_ROUNDABORT="false"></StatementSetOptions><Condition><QueryPlan CachedPlanSize="64" CompileTime="3" CompileCPU="3" CompileMemory="552"><MissingIndexes><MissingIndexGroup Impact="88.6347"><MissingIndex Database="[PlanPlatform]" Schema="[ERP]" Table="[OE]"><ColumnGroup Usage="EQUALITY"><Column Name="[cust_po_number]" ColumnId="3"></Column><Column Name="[ITEM]" ColumnId="4"></Column><Column Name="[attribute14]" ColumnId="37"></Column></ColumnGroup></MissingIndex></MissingIndexGroup></MissingIndexes><MemoryGrantInfo SerialRequiredMemory="1536" SerialDesiredMemory="1632"></MemoryGrantInfo><OptimizerHardwareDependentProperties EstimatedAvailableMemoryGrant="160000" EstimatedPagesCached="320000" EstimatedAvailableDegreeOfParallelism="8" MaxCompileMemory="32686696"></OptimizerHardwareDependentProperties><OptimizerStatsUsage><StatisticsInfo LastUpdate="2023-03-31T00:38:04.20" ModificationCount="0" SamplingPercent="0.983451" Statistics="[_WA_Sys_00000025_2EA5EC27]" Table="[OE]" Schema="[ERP]" Database="[PlanPlatform]"></StatisticsInfo><StatisticsInfo LastUpdate="2023-03-31T00:38:02.11" ModificationCount="0" SamplingPercent="0.983451" Statistics="[IX_Item_OrderNumber]" Table="[OE]" Schema="[ERP]" Database="[PlanPlatform]"></StatisticsInfo><StatisticsInfo LastUpdate="2023-03-31T00:37:59.36" ModificationCount="0" SamplingPercent="0.971417" Statistics="[IX_Cust_PO_Number]" Table="[OE]" Schema="[ERP]" Database="[PlanPlatform]"></StatisticsInfo><StatisticsInfo LastUpdate="2023-03-31T00:37:59.56" ModificationCount="0" SamplingPercent="0.971417" Statistics="[IX_ScheduleShipDate]" Table="[OE]" Schema="[ERP]" Database="[PlanPlatform]"></StatisticsInfo></OptimizerStatsUsage><TraceFlags IsCompileTime="1"><TraceFlag Value="2861" Scope="Global"></TraceFlag></TraceFlags><RelOp NodeId="0" PhysicalOp="Compute Scalar" LogicalOp="Compute Scalar" EstimateRows="1" EstimateIO="0" EstimateCPU="1e-007" AvgRowSize="11" EstimatedTotalSubtreeCost="0.0405791" Parallel="0" EstimateRebinds="0" EstimateRewinds="0" EstimatedExecutionMode="Row"><OutputList><ColumnReference Column="Expr1004"></ColumnReference></OutputList><ComputeScalar><DefinedValues><DefinedValue><ColumnReference Column="Expr1004"></ColumnReference><ScalarOperator ScalarString="CASE WHEN [Expr1005] THEN (1) ELSE (0) END"><IF><Condition><ScalarOperator><Identifier><ColumnReference Column="Expr1005"></ColumnReference></Identifier></ScalarOperator></Condition><Then><ScalarOperator><Const ConstValue="(1)"></Const></ScalarOperator></Then><Else><ScalarOperator><Const ConstValue="(0)"></Const></ScalarOperator></Else></IF></ScalarOperator></DefinedValue></DefinedValues><RelOp NodeId="1" PhysicalOp="Nested Loops" LogicalOp="Left Semi Join" EstimateRows="1" EstimateIO="0" EstimateCPU="4.18e-006" AvgRowSize="9" EstimatedTotalSubtreeCost="0.040579" Parallel="0" EstimateRebinds="0" EstimateRewinds="0" EstimatedExecutionMode="Row"><OutputList><ColumnReference Column="Expr1005"></ColumnReference></OutputList><NestedLoops Optimized="0"><DefinedValues><DefinedValue><ColumnReference Column="Expr1005"></ColumnReference></DefinedValue></DefinedValues><ProbeColumn><ColumnReference Column="Expr1005"></ColumnReference></ProbeColumn><RelOp NodeId="2" PhysicalOp="Constant Scan" LogicalOp="Constant Scan" EstimateRows="1" EstimateIO="0" EstimateCPU="1.157e-006" AvgRowSize="9" EstimatedTotalSubtreeCost="1.157e-006" Parallel="0" EstimateRebinds="0" EstimateRewinds="0" EstimatedExecutionMode="Row"><OutputList></OutputList><ConstantScan></ConstantScan></RelOp><RelOp NodeId="3" PhysicalOp="Nested Loops" LogicalOp="Inner Join" EstimateRows="1" EstimateIO="0" EstimateCPU="4.18e-006" AvgRowSize="26" EstimatedTotalSubtreeCost="0.040573" Parallel="0" EstimateRebinds="0" EstimateRewinds="0" EstimatedExecutionMode="Row"><OutputList></OutputList><MemoryFractions Input="0" Output="0.333333"></MemoryFractions><NestedLoops Optimized="1"><OuterReferences><ColumnReference Column="Uniq1001"></ColumnReference><ColumnReference Database="[PlanPlatform]" Schema="[ERP]" Table="[OE]" Alias="[t]" Column="LINE_ID"></ColumnReference></OuterReferences><RelOp NodeId="6" PhysicalOp="Hash Match" LogicalOp="Inner Join" EstimateRows="1" EstimateIO="0" EstimateCPU="0.0246119" AvgRowSize="15" EstimatedTotalSubtreeCost="0.0372858" Parallel="0" EstimateRebinds="0" EstimateRewinds="0" EstimatedExecutionMode="Row"><OutputList><ColumnReference Database="[PlanPlatform]" Schema="[ERP]" Table="[OE]" Alias="[t]" Column="LINE_ID"></ColumnReference><ColumnReference Column="Uniq1001"></ColumnReference></OutputList><MemoryFractions Input="1" Output="0.666667"></MemoryFractions><Hash><DefinedValues></DefinedValues><HashKeysBuild><ColumnReference Database="[PlanPlatform]" Schema="[ERP]" Table="[OE]" Alias="[t]" Column="LINE_ID"></ColumnReference><ColumnReference Column="Uniq1001"></ColumnReference></HashKeysBuild><HashKeysProbe><ColumnReference Database="[PlanPlatform]" Schema="[ERP]" Table="[OE]" Alias="[t]" Column="LINE_ID"></ColumnReference><ColumnReference Column="Uniq1001"></ColumnReference></HashKeysProbe><ProbeResidual><ScalarOperator ScalarString="[PlanPlatform].[ERP].[OE].[LINE_ID] as [t].[LINE_ID] = [PlanPlatform].[ERP].[OE].[LINE_ID] as [t].[LINE_ID] AND [Uniq1001] = [Uniq1001]"><Logical Operation="AND"><ScalarOperator><Compare CompareOp="IS"><ScalarOperator><Identifier><ColumnReference Database="[PlanPlatform]" Schema="[ERP]" Table="[OE]" Alias="[t]" Column="LINE_ID"></ColumnReference></Identifier></ScalarOperator><ScalarOperator><Identifier><ColumnReference Database="[PlanPlatform]" Schema="[ERP]" Table="[OE]" Alias="[t]" Column="LINE_ID"></ColumnReference></Identifier></ScalarOperator></Compare></ScalarOperator><ScalarOperator><Compare CompareOp="IS"><ScalarOperator><Identifier><ColumnReference Column="Uniq1001"></ColumnReference></Identifier></ScalarOperator><ScalarOperator><Identifier><ColumnReference Column="Uniq1001"></ColumnReference></Identifier></ScalarOperator></Compare></ScalarOperator></Logical></ScalarOperator></ProbeResidual><RelOp NodeId="7" PhysicalOp="Index Seek" LogicalOp="Index Seek" EstimateRows="113.753" EstimatedRowsRead="113.753" EstimateIO="0.00386574" EstimateCPU="0.000282128" AvgRowSize="15" EstimatedTotalSubtreeCost="0.00414787" TableCardinality="1.31879e+007" Parallel="0" EstimateRebinds="0" EstimateRewinds="0" EstimatedExecutionMode="Row"><OutputList><ColumnReference Database="[PlanPlatform]" Schema="[ERP]" Table="[OE]" Alias="[t]" Column="LINE_ID"></ColumnReference><ColumnReference Column="Uniq1001"></ColumnReference></OutputList><IndexScan Ordered="1" ScanDirection="FORWARD" ForcedIndex="0" ForceSeek="0" ForceScan="0" NoExpandHint="0" Storage="RowStore"><DefinedValues><DefinedValue><ColumnReference Database="[PlanPlatform]" Schema="[ERP]" Table="[OE]" Alias="[t]" Column="LINE_ID"></ColumnReference></DefinedValue><DefinedValue><ColumnReference Column="Uniq1001"></ColumnReference></DefinedValue></DefinedValues><Object Database="[PlanPlatform]" Schema="[ERP]" Table="[OE]" Index="[IX_Cust_PO_Number]" Alias="[t]" IndexKind="NonClustered" Storage="RowStore"></Object><SeekPredicates><SeekPredicateNew><SeekKeys><Prefix ScanType="EQ"><RangeColumns><ColumnReference Database="[PlanPlatform]" Schema="[ERP]" Table="[OE]" Alias="[t]" Column="cust_po_number"></ColumnReference></RangeColumns><RangeExpressions><ScalarOperator ScalarString="CONVERT_IMPLICIT(nvarchar(50),[@CTO_Cust_PO_Number],0)"><Convert DataType="nvarchar" Length="100" Style="0" Implicit="1"><ScalarOperator><Identifier><ColumnReference Column="@CTO_Cust_PO_Number"></ColumnReference></Identifier></ScalarOperator></Convert></ScalarOperator></RangeExpressions></Prefix></SeekKeys></SeekPredicateNew></SeekPredicates></IndexScan></RelOp><RelOp NodeId="8" PhysicalOp="Index Seek" LogicalOp="Index Seek" EstimateRows="720.535" EstimatedRowsRead="720.535" EstimateIO="0.00756944" EstimateCPU="0.000949588" AvgRowSize="15" EstimatedTotalSubtreeCost="0.00851903" TableCardinality="1.31879e+007" Parallel="0" EstimateRebinds="0" EstimateRewinds="0" EstimatedExecutionMode="Row"><OutputList><ColumnReference Database="[PlanPlatform]" Schema="[ERP]" Table="[OE]" Alias="[t]" Column="LINE_ID"></ColumnReference><ColumnReference Column="Uniq1001"></ColumnReference></OutputList><IndexScan Ordered="1" ScanDirection="FORWARD" ForcedIndex="0" ForceSeek="0" ForceScan="0" NoExpandHint="0" Storage="RowStore"><DefinedValues><DefinedValue><ColumnReference Database="[PlanPlatform]" Schema="[ERP]" Table="[OE]" Alias="[t]" Column="LINE_ID"></ColumnReference></DefinedValue><DefinedValue><ColumnReference Column="Uniq1001"></ColumnReference></DefinedValue></DefinedValues><Object Database="[PlanPlatform]" Schema="[ERP]" Table="[OE]" Index="[IX_Item_OrderNumber]" Alias="[t]" IndexKind="NonClustered" Storage="RowStore"></Object><SeekPredicates><SeekPredicateNew><SeekKeys><Prefix ScanType="EQ"><RangeColumns><ColumnReference Database="[PlanPlatform]" Schema="[ERP]" Table="[OE]" Alias="[t]" Column="ITEM"></ColumnReference></RangeColumns><RangeExpressions><ScalarOperator ScalarString="CONVERT_IMPLICIT(nvarchar(50),[@DicValue2],0)"><Convert DataType="nvarchar" Length="100" Style="0" Implicit="1"><ScalarOperator><Identifier><ColumnReference Column="@DicValue2"></ColumnReference></Identifier></ScalarOperator></Convert></ScalarOperator></RangeExpressions></Prefix></SeekKeys></SeekPredicateNew></SeekPredicates></IndexScan></RelOp></Hash></RelOp><RelOp NodeId="10" PhysicalOp="Clustered Index Seek" LogicalOp="Clustered Index Seek" EstimateRows="1" EstimateIO="0.003125" EstimateCPU="0.0001581" AvgRowSize="261" EstimatedTotalSubtreeCost="0.0032831" TableCardinality="1.31879e+007" Parallel="0" EstimateRebinds="0" EstimateRewinds="0" EstimatedExecutionMode="Row"><OutputList></OutputList><IndexScan Lookup="1" Ordered="1" ScanDirection="FORWARD" ForcedIndex="0" ForceSeek="0" ForceScan="0" NoExpandHint="0" Storage="RowStore"><DefinedValues></DefinedValues><Object Database="[PlanPlatform]" Schema="[ERP]" Table="[OE]" Index="[IX_Line_ID]" Alias="[t]" TableReferenceId="-1" IndexKind="Clustered" Storage="RowStore"></Object><SeekPredicates><SeekPredicateNew><SeekKeys><Prefix ScanType="EQ"><RangeColumns><ColumnReference Database="[PlanPlatform]" Schema="[ERP]" Table="[OE]" Alias="[t]" Column="LINE_ID"></ColumnReference><ColumnReference Column="Uniq1001"></ColumnReference></RangeColumns><RangeExpressions><ScalarOperator ScalarString="[PlanPlatform].[ERP].[OE].[LINE_ID] as [t].[LINE_ID]"><Identifier><ColumnReference Database="[PlanPlatform]" Schema="[ERP]" Table="[OE]" Alias="[t]" Column="LINE_ID"></ColumnReference></Identifier></ScalarOperator><ScalarOperator ScalarString="[Uniq1001]"><Identifier><ColumnReference Column="Uniq1001"></ColumnReference></Identifier></ScalarOperator></RangeExpressions></Prefix></SeekKeys></SeekPredicateNew></SeekPredicates><Predicate><ScalarOperator ScalarString="[PlanPlatform].[ERP].[OE].[attribute14] as [t].[attribute14]=CONVERT_IMPLICIT(nvarchar(50),[@CTO_TaskOrder],0)"><Compare CompareOp="EQ"><ScalarOperator><Identifier><ColumnReference Database="[PlanPlatform]" Schema="[ERP]" Table="[OE]" Alias="[t]" Column="attribute14"></ColumnReference></Identifier></ScalarOperator><ScalarOperator><Convert DataType="nvarchar" Length="100" Style="0" Implicit="1"><ScalarOperator><Identifier><ColumnReference Column="@CTO_TaskOrder"></ColumnReference></Identifier></ScalarOperator></Convert></ScalarOperator></Compare></ScalarOperator></Predicate></IndexScan></RelOp></NestedLoops></RelOp></NestedLoops></RelOp></ComputeScalar></RelOp></QueryPlan></Condition><Then><Statements></Statements></Then></StmtCond></Statements></Batch></BatchSequence></ShowPlanXML>